<?xml version="1.0" encoding="UTF-8"?>
<!-- Generated by org.testng.reporters.JUnitReportReporter -->
<testsuite skipped="0" hostname="rahul" name="com.qa.test.FindPetStatus" tests="1" failures="0" timestamp="2021-07-06T14:07:34 IST" time="1.963" errors="0">
  <testcase name="get" time="1.963" classname="com.qa.test.FindPetStatus"/>
  <system-out/>
</testsuite> <!-- com.qa.test.FindPetStatus -->
