<?xml version="1.0" encoding="UTF-8"?>
<!-- Generated by org.testng.reporters.JUnitReportReporter -->
<testsuite skipped="0" hostname="rahul" name="com.qa.test.PostpetStatus" tests="1" failures="0" timestamp="2021-07-06T13:22:54 IST" time="2.078" errors="0">
  <testcase name="get" time="2.078" classname="com.qa.test.PostpetStatus"/>
  <system-out/>
</testsuite> <!-- com.qa.test.PostpetStatus -->
