<?xml version="1.0" encoding="UTF-8"?>
<!-- Generated by org.testng.reporters.JUnitReportReporter -->
<testsuite skipped="0" hostname="rahul" name="com.qa.test.GetAPITest" tests="1" failures="0" timestamp="2021-07-06T11:13:29 IST" time="1.972" errors="0">
  <testcase name="getAPITest" time="1.972" classname="com.qa.test.GetAPITest"/>
  <system-out/>
</testsuite> <!-- com.qa.test.GetAPITest -->
