<?xml version="1.0" encoding="UTF-8"?>
<!-- Generated by org.testng.reporters.JUnitReportReporter -->
<testsuite skipped="0" hostname="rahul" name="com.qa.test.PetStatusGet" tests="1" failures="0" timestamp="2021-07-06T14:02:38 IST" time="7.521" errors="0">
  <testcase name="get" time="7.521" classname="com.qa.test.PetStatusGet"/>
  <system-out/>
</testsuite> <!-- com.qa.test.PetStatusGet -->
